<?xml version="1.0" encoding="UTF-8"?>
<!-- Generated by org.testng.reporters.JUnitReportReporter -->
<testsuite hostname="DESKTOP-0BKKJ2E" failures="0" tests="1" name="com.inetbanking.testcases.TC_AddNewCustomer_003" time="12.346" errors="0" timestamp="16 Apr 2020 04:48:04 GMT" skipped="0">
  <testcase classname="com.inetbanking.testcases.TC_AddNewCustomer_003" name="addnewcust" time="12.346"/>
</testsuite> <!-- com.inetbanking.testcases.TC_AddNewCustomer_003 -->
