<?xml version="1.0" encoding="UTF-8"?>
<!-- Generated by org.testng.reporters.JUnitReportReporter -->
<testsuite hostname="DESKTOP-0BKKJ2E" failures="0" tests="1" name="com.inetbanking.testcases.TC_LoginTest_001" time="40.656" errors="0" timestamp="16 Apr 2020 06:35:13 GMT" skipped="0">
  <testcase classname="com.inetbanking.testcases.TC_LoginTest_001" name="logintest" time="40.656"/>
</testsuite> <!-- com.inetbanking.testcases.TC_LoginTest_001 -->
